# vsim -c Top_Global_Fused_tb -wlf vsim.wlf -solvefaildebug -assertdebug -sva -coverage -voptargs="+acc" -l ./log/vsim.log "+UVM_VERBOSITY=UVM_MEDIUM" "+UVM_TESTNAME=uart_receive_test" -sv_lib uvm_dpi -do "coverage save -onexit -assert -code bcefs -directive -cvg uart_receive_test.ucdb; add wave -r /Top_Global_Fused_tb/*; run -all; quit" 
# Start time: 18:17:11 on Jun 17,2025
# ** Note: (vsim-3812) Design is being optimized...
# ** Note: (vopt-143) Recognized 1 FSM in module "addr_gen_fused(fast)".
# ** Warning: ../Fused-Block-CNN/dut/module_top/New_Top_global_Fused_hex.sv(207): (vopt-2685) [TFMPC] - Too few port connections for 'Global_control_unit'.  Expected 24, found 23.
# ** Warning: ../Fused-Block-CNN/dut/module_top/New_Top_global_Fused_hex.sv(207): (vopt-2718) [TFMPC] - Missing connection for port 'wr_addr_global'.
# ** Warning: ../Fused-Block-CNN/dut/module_top/New_Top_global_Fused_hex.sv(589): (vopt-2685) [TFMPC] - Too few port connections for 'addr_gen'.  Expected 22, found 19.
# ** Warning: ../Fused-Block-CNN/dut/module_top/New_Top_global_Fused_hex.sv(589): (vopt-2718) [TFMPC] - Missing connection for port 'addr_valid_ifm'.
# ** Warning: ../Fused-Block-CNN/dut/module_top/New_Top_global_Fused_hex.sv(589): (vopt-2718) [TFMPC] - Missing connection for port 'done_compute'.
# ** Warning: ../Fused-Block-CNN/dut/module_top/New_Top_global_Fused_hex.sv(589): (vopt-2718) [TFMPC] - Missing connection for port 'coef_for_multiply_addr'.
# ** Warning: ../Fused-Block-CNN/dut/module_top/New_Top_global_Fused_hex.sv(625): (vopt-2685) [TFMPC] - Too few port connections for 'PE_cluster_1x1'.  Expected 14, found 12.
# ** Warning: ../Fused-Block-CNN/dut/module_top/New_Top_global_Fused_hex.sv(625): (vopt-2718) [TFMPC] - Missing connection for port 'valid'.
# ** Warning: ../Fused-Block-CNN/dut/module_top/New_Top_global_Fused_hex.sv(625): (vopt-2718) [TFMPC] - Missing connection for port 'PE_finish'.
# ** Warning: ../Fused-Block-CNN/dut/module_top/New_Top_global_Fused_hex.sv(640): (vopt-2685) [TFMPC] - Too few port connections for 'PE_cluster_layer1'.  Expected 39, found 37.
# ** Warning: ../Fused-Block-CNN/dut/module_top/New_Top_global_Fused_hex.sv(640): (vopt-2718) [TFMPC] - Missing connection for port 'valid'.
# ** Warning: ../Fused-Block-CNN/dut/module_top/New_Top_global_Fused_hex.sv(640): (vopt-2718) [TFMPC] - Missing connection for port 'OFM_16'.
# ** Warning: ../Fused-Block-CNN/dut/module_top/New_Top_global_Fused_hex.sv(783): (vopt-2685) [TFMPC] - Too few port connections for 'control_padding_for_write'.  Expected 13, found 12.
# ** Warning: ../Fused-Block-CNN/dut/module_top/New_Top_global_Fused_hex.sv(783): (vopt-2718) [TFMPC] - Missing connection for port 'valid_for_next_pipeline'.
# ** Note: (vopt-143) Recognized 1 FSM in module "control_padding_fused(fast)".
# ** Note: (vopt-143) Recognized 1 FSM in module "Global_top_fused_control_unit(fast)".
# ** Note: (vopt-143) Recognized 1 FSM in module "CONV_1x1_controller_v1(fast)".
# //  Questa Sim-64
# //  Version 10.7c linux_x86_64 Aug 17 2018
# //
# //  Copyright 1991-2018 Mentor Graphics Corporation
# //  All Rights Reserved.
# //
# //  QuestaSim and its associated documentation contain trade
# //  secrets and commercial or financial information that are the property of
# //  Mentor Graphics Corporation and are privileged, confidential,
# //  and exempt from disclosure under the Freedom of Information Act,
# //  5 U.S.C. Section 552. Furthermore, this information
# //  is prohibited from disclosure under the Trade Secrets Act,
# //  18 U.S.C. Section 1905.
# //
# Loading sv_std.std
# Loading work.Top_Global_Fused_tb(fast)
# Loading work.New_Top_Global_Fused_hex(fast)
# Loading work.delay(fast)
# Loading work.Global_top_fused_control_unit(fast)
# Loading work.BRAM_General(fast)
# Loading work.BRAM_General(fast__1)
# Loading work.BRAM_General(fast__2)
# Loading work.addr_gen_fused(fast)
# Loading work.CONV_1x1_controller_v1(fast)
# Loading work.Hex_PE_double_DSP_cluster_quad(fast)
# Loading work.Hex_PE_double_DSP(fast)
# Loading work.Hex_PE_double_DSP_cluster(fast)
# Loading work.ReLU6(fast)
# Loading work.Write_for_Bram_controller(fast)
# Loading work.Register_for_fused(fast)
# Loading work.control_padding_fused(fast)
# ** Warning: (vsim-3015) [PCDPC] - Port size (1) does not match connection size (32) for port 'we_global'. The port definition is at: ../Fused-Block-CNN/dut/module_top/Global_top_fused_control_unit.sv(12).
#    Time: 0 ns  Iteration: 0  Instance: /Top_Global_Fused_tb/dut/Global_control_unit File: ../Fused-Block-CNN/dut/module_top/New_Top_global_Fused_hex.sv Line: 207
# ** Warning: (vsim-3015) [PCDPC] - Port size (19) does not match connection size (32) for port 'wr_addr'. The port definition is at: ../Fused-Block-CNN/dut/BRAM/BRAM_General.v(9).
#    Time: 0 ns  Iteration: 0  Instance: /Top_Global_Fused_tb/dut/BRAM_Global File: ../Fused-Block-CNN/dut/module_top/New_Top_global_Fused_hex.sv Line: 249
# ** Warning: (vsim-3015) [PCDPC] - Port size (23) does not match connection size (32) for port 'rd_addr'. The port definition is at: ../Fused-Block-CNN/dut/BRAM/BRAM_General.v(10).
#    Time: 0 ns  Iteration: 0  Instance: /Top_Global_Fused_tb/dut/BRAM_Global File: ../Fused-Block-CNN/dut/module_top/New_Top_global_Fused_hex.sv Line: 249
# ** Warning: (vsim-3015) [PCDPC] - Port size (11) does not match connection size (32) for port 'wr_addr'. The port definition is at: ../Fused-Block-CNN/dut/BRAM/BRAM_General.v(9).
#    Time: 0 ns  Iteration: 0  Instance: /Top_Global_Fused_tb/dut/BRAM_IFM File: ../Fused-Block-CNN/dut/module_top/New_Top_global_Fused_hex.sv Line: 263
# ** Warning: (vsim-3015) [PCDPC] - Port size (15) does not match connection size (32) for port 'rd_addr'. The port definition is at: ../Fused-Block-CNN/dut/BRAM/BRAM_General.v(10).
#    Time: 0 ns  Iteration: 0  Instance: /Top_Global_Fused_tb/dut/BRAM_IFM File: ../Fused-Block-CNN/dut/module_top/New_Top_global_Fused_hex.sv Line: 263
# ** Warning: (vsim-3015) [PCDPC] - Port size (9) does not match connection size (32) for port 'wr_addr'. The port definition is at: ../Fused-Block-CNN/dut/BRAM/BRAM_General.v(9).
#    Time: 0 ns  Iteration: 0  Instance: /Top_Global_Fused_tb/dut/BRAM_Weight_0_layer1 File: ../Fused-Block-CNN/dut/module_top/New_Top_global_Fused_hex.sv Line: 277
# ** Warning: (vsim-3015) [PCDPC] - Port size (13) does not match connection size (20) for port 'rd_addr'. The port definition is at: ../Fused-Block-CNN/dut/BRAM/BRAM_General.v(10).
#    Time: 0 ns  Iteration: 0  Instance: /Top_Global_Fused_tb/dut/BRAM_Weight_0_layer1 File: ../Fused-Block-CNN/dut/module_top/New_Top_global_Fused_hex.sv Line: 277
# ** Warning: (vsim-3015) [PCDPC] - Port size (9) does not match connection size (32) for port 'wr_addr'. The port definition is at: ../Fused-Block-CNN/dut/BRAM/BRAM_General.v(9).
#    Time: 0 ns  Iteration: 0  Instance: /Top_Global_Fused_tb/dut/BRAM_Weight_1_layer_1 File: ../Fused-Block-CNN/dut/module_top/New_Top_global_Fused_hex.sv Line: 290
# ** Warning: (vsim-3015) [PCDPC] - Port size (13) does not match connection size (20) for port 'rd_addr'. The port definition is at: ../Fused-Block-CNN/dut/BRAM/BRAM_General.v(10).
#    Time: 0 ns  Iteration: 0  Instance: /Top_Global_Fused_tb/dut/BRAM_Weight_1_layer_1 File: ../Fused-Block-CNN/dut/module_top/New_Top_global_Fused_hex.sv Line: 290
# ** Warning: (vsim-3015) [PCDPC] - Port size (9) does not match connection size (32) for port 'wr_addr'. The port definition is at: ../Fused-Block-CNN/dut/BRAM/BRAM_General.v(9).
#    Time: 0 ns  Iteration: 0  Instance: /Top_Global_Fused_tb/dut/BRAM_Weight_2_layer_1 File: ../Fused-Block-CNN/dut/module_top/New_Top_global_Fused_hex.sv Line: 303
# ** Warning: (vsim-3015) [PCDPC] - Port size (13) does not match connection size (20) for port 'rd_addr'. The port definition is at: ../Fused-Block-CNN/dut/BRAM/BRAM_General.v(10).
#    Time: 0 ns  Iteration: 0  Instance: /Top_Global_Fused_tb/dut/BRAM_Weight_2_layer_1 File: ../Fused-Block-CNN/dut/module_top/New_Top_global_Fused_hex.sv Line: 303
# ** Warning: (vsim-3015) [PCDPC] - Port size (9) does not match connection size (32) for port 'wr_addr'. The port definition is at: ../Fused-Block-CNN/dut/BRAM/BRAM_General.v(9).
#    Time: 0 ns  Iteration: 0  Instance: /Top_Global_Fused_tb/dut/BRAM_Weight_3_layer_1 File: ../Fused-Block-CNN/dut/module_top/New_Top_global_Fused_hex.sv Line: 316
# ** Warning: (vsim-3015) [PCDPC] - Port size (13) does not match connection size (20) for port 'rd_addr'. The port definition is at: ../Fused-Block-CNN/dut/BRAM/BRAM_General.v(10).
#    Time: 0 ns  Iteration: 0  Instance: /Top_Global_Fused_tb/dut/BRAM_Weight_3_layer_1 File: ../Fused-Block-CNN/dut/module_top/New_Top_global_Fused_hex.sv Line: 316
# ** Warning: (vsim-3015) [PCDPC] - Port size (9) does not match connection size (32) for port 'wr_addr'. The port definition is at: ../Fused-Block-CNN/dut/BRAM/BRAM_General.v(9).
#    Time: 0 ns  Iteration: 0  Instance: /Top_Global_Fused_tb/dut/BRAM_Weight_4_layer_1 File: ../Fused-Block-CNN/dut/module_top/New_Top_global_Fused_hex.sv Line: 329
# ** Warning: (vsim-3015) [PCDPC] - Port size (13) does not match connection size (20) for port 'rd_addr'. The port definition is at: ../Fused-Block-CNN/dut/BRAM/BRAM_General.v(10).
#    Time: 0 ns  Iteration: 0  Instance: /Top_Global_Fused_tb/dut/BRAM_Weight_4_layer_1 File: ../Fused-Block-CNN/dut/module_top/New_Top_global_Fused_hex.sv Line: 329
# ** Warning: (vsim-3015) [PCDPC] - Port size (9) does not match connection size (32) for port 'wr_addr'. The port definition is at: ../Fused-Block-CNN/dut/BRAM/BRAM_General.v(9).
#    Time: 0 ns  Iteration: 0  Instance: /Top_Global_Fused_tb/dut/BRAM_Weight_5_layer_1 File: ../Fused-Block-CNN/dut/module_top/New_Top_global_Fused_hex.sv Line: 342
# ** Warning: (vsim-3015) [PCDPC] - Port size (13) does not match connection size (20) for port 'rd_addr'. The port definition is at: ../Fused-Block-CNN/dut/BRAM/BRAM_General.v(10).
#    Time: 0 ns  Iteration: 0  Instance: /Top_Global_Fused_tb/dut/BRAM_Weight_5_layer_1 File: ../Fused-Block-CNN/dut/module_top/New_Top_global_Fused_hex.sv Line: 342
# ** Warning: (vsim-3015) [PCDPC] - Port size (9) does not match connection size (32) for port 'wr_addr'. The port definition is at: ../Fused-Block-CNN/dut/BRAM/BRAM_General.v(9).
#    Time: 0 ns  Iteration: 0  Instance: /Top_Global_Fused_tb/dut/BRAM_Weight_6_layer_1 File: ../Fused-Block-CNN/dut/module_top/New_Top_global_Fused_hex.sv Line: 355
# ** Warning: (vsim-3015) [PCDPC] - Port size (13) does not match connection size (20) for port 'rd_addr'. The port definition is at: ../Fused-Block-CNN/dut/BRAM/BRAM_General.v(10).
#    Time: 0 ns  Iteration: 0  Instance: /Top_Global_Fused_tb/dut/BRAM_Weight_6_layer_1 File: ../Fused-Block-CNN/dut/module_top/New_Top_global_Fused_hex.sv Line: 355
# ** Warning: (vsim-3015) [PCDPC] - Port size (9) does not match connection size (32) for port 'wr_addr'. The port definition is at: ../Fused-Block-CNN/dut/BRAM/BRAM_General.v(9).
#    Time: 0 ns  Iteration: 0  Instance: /Top_Global_Fused_tb/dut/BRAM_Weight_7_layer_1 File: ../Fused-Block-CNN/dut/module_top/New_Top_global_Fused_hex.sv Line: 368
# ** Warning: (vsim-3015) [PCDPC] - Port size (13) does not match connection size (20) for port 'rd_addr'. The port definition is at: ../Fused-Block-CNN/dut/BRAM/BRAM_General.v(10).
#    Time: 0 ns  Iteration: 0  Instance: /Top_Global_Fused_tb/dut/BRAM_Weight_7_layer_1 File: ../Fused-Block-CNN/dut/module_top/New_Top_global_Fused_hex.sv Line: 368
# ** Warning: (vsim-3015) [PCDPC] - Port size (9) does not match connection size (32) for port 'wr_addr'. The port definition is at: ../Fused-Block-CNN/dut/BRAM/BRAM_General.v(9).
#    Time: 0 ns  Iteration: 0  Instance: /Top_Global_Fused_tb/dut/BRAM_Weight_8_layer_1 File: ../Fused-Block-CNN/dut/module_top/New_Top_global_Fused_hex.sv Line: 381
# ** Warning: (vsim-3015) [PCDPC] - Port size (13) does not match connection size (20) for port 'rd_addr'. The port definition is at: ../Fused-Block-CNN/dut/BRAM/BRAM_General.v(10).
#    Time: 0 ns  Iteration: 0  Instance: /Top_Global_Fused_tb/dut/BRAM_Weight_8_layer_1 File: ../Fused-Block-CNN/dut/module_top/New_Top_global_Fused_hex.sv Line: 381
# ** Warning: (vsim-3015) [PCDPC] - Port size (9) does not match connection size (32) for port 'wr_addr'. The port definition is at: ../Fused-Block-CNN/dut/BRAM/BRAM_General.v(9).
#    Time: 0 ns  Iteration: 0  Instance: /Top_Global_Fused_tb/dut/BRAM_Weight_9_layer_1 File: ../Fused-Block-CNN/dut/module_top/New_Top_global_Fused_hex.sv Line: 394
# ** Warning: (vsim-3015) [PCDPC] - Port size (13) does not match connection size (20) for port 'rd_addr'. The port definition is at: ../Fused-Block-CNN/dut/BRAM/BRAM_General.v(10).
#    Time: 0 ns  Iteration: 0  Instance: /Top_Global_Fused_tb/dut/BRAM_Weight_9_layer_1 File: ../Fused-Block-CNN/dut/module_top/New_Top_global_Fused_hex.sv Line: 394
# ** Warning: (vsim-3015) [PCDPC] - Port size (9) does not match connection size (32) for port 'wr_addr'. The port definition is at: ../Fused-Block-CNN/dut/BRAM/BRAM_General.v(9).
#    Time: 0 ns  Iteration: 0  Instance: /Top_Global_Fused_tb/dut/BRAM_Weight_10_layer_1 File: ../Fused-Block-CNN/dut/module_top/New_Top_global_Fused_hex.sv Line: 407
# ** Warning: (vsim-3015) [PCDPC] - Port size (13) does not match connection size (20) for port 'rd_addr'. The port definition is at: ../Fused-Block-CNN/dut/BRAM/BRAM_General.v(10).
#    Time: 0 ns  Iteration: 0  Instance: /Top_Global_Fused_tb/dut/BRAM_Weight_10_layer_1 File: ../Fused-Block-CNN/dut/module_top/New_Top_global_Fused_hex.sv Line: 407
# ** Warning: (vsim-3015) [PCDPC] - Port size (9) does not match connection size (32) for port 'wr_addr'. The port definition is at: ../Fused-Block-CNN/dut/BRAM/BRAM_General.v(9).
#    Time: 0 ns  Iteration: 0  Instance: /Top_Global_Fused_tb/dut/BRAM_Weight_11_layer_1 File: ../Fused-Block-CNN/dut/module_top/New_Top_global_Fused_hex.sv Line: 420
# ** Warning: (vsim-3015) [PCDPC] - Port size (13) does not match connection size (20) for port 'rd_addr'. The port definition is at: ../Fused-Block-CNN/dut/BRAM/BRAM_General.v(10).
#    Time: 0 ns  Iteration: 0  Instance: /Top_Global_Fused_tb/dut/BRAM_Weight_11_layer_1 File: ../Fused-Block-CNN/dut/module_top/New_Top_global_Fused_hex.sv Line: 420
# ** Warning: (vsim-3015) [PCDPC] - Port size (9) does not match connection size (32) for port 'wr_addr'. The port definition is at: ../Fused-Block-CNN/dut/BRAM/BRAM_General.v(9).
#    Time: 0 ns  Iteration: 0  Instance: /Top_Global_Fused_tb/dut/BRAM_Weight_12_layer_1 File: ../Fused-Block-CNN/dut/module_top/New_Top_global_Fused_hex.sv Line: 433
# ** Warning: (vsim-3015) [PCDPC] - Port size (13) does not match connection size (20) for port 'rd_addr'. The port definition is at: ../Fused-Block-CNN/dut/BRAM/BRAM_General.v(10).
#    Time: 0 ns  Iteration: 0  Instance: /Top_Global_Fused_tb/dut/BRAM_Weight_12_layer_1 File: ../Fused-Block-CNN/dut/module_top/New_Top_global_Fused_hex.sv Line: 433
# ** Warning: (vsim-3015) [PCDPC] - Port size (9) does not match connection size (32) for port 'wr_addr'. The port definition is at: ../Fused-Block-CNN/dut/BRAM/BRAM_General.v(9).
#    Time: 0 ns  Iteration: 0  Instance: /Top_Global_Fused_tb/dut/BRAM_Weight_13_layer_1 File: ../Fused-Block-CNN/dut/module_top/New_Top_global_Fused_hex.sv Line: 446
# ** Warning: (vsim-3015) [PCDPC] - Port size (13) does not match connection size (20) for port 'rd_addr'. The port definition is at: ../Fused-Block-CNN/dut/BRAM/BRAM_General.v(10).
#    Time: 0 ns  Iteration: 0  Instance: /Top_Global_Fused_tb/dut/BRAM_Weight_13_layer_1 File: ../Fused-Block-CNN/dut/module_top/New_Top_global_Fused_hex.sv Line: 446
# ** Warning: (vsim-3015) [PCDPC] - Port size (9) does not match connection size (32) for port 'wr_addr'. The port definition is at: ../Fused-Block-CNN/dut/BRAM/BRAM_General.v(9).
#    Time: 0 ns  Iteration: 0  Instance: /Top_Global_Fused_tb/dut/BRAM_Weight_14_layer_1 File: ../Fused-Block-CNN/dut/module_top/New_Top_global_Fused_hex.sv Line: 459
# ** Warning: (vsim-3015) [PCDPC] - Port size (13) does not match connection size (20) for port 'rd_addr'. The port definition is at: ../Fused-Block-CNN/dut/BRAM/BRAM_General.v(10).
#    Time: 0 ns  Iteration: 0  Instance: /Top_Global_Fused_tb/dut/BRAM_Weight_14_layer_1 File: ../Fused-Block-CNN/dut/module_top/New_Top_global_Fused_hex.sv Line: 459
# ** Warning: (vsim-3015) [PCDPC] - Port size (9) does not match connection size (32) for port 'wr_addr'. The port definition is at: ../Fused-Block-CNN/dut/BRAM/BRAM_General.v(9).
#    Time: 0 ns  Iteration: 0  Instance: /Top_Global_Fused_tb/dut/BRAM_Weight_15_layer_1 File: ../Fused-Block-CNN/dut/module_top/New_Top_global_Fused_hex.sv Line: 472
# ** Warning: (vsim-3015) [PCDPC] - Port size (13) does not match connection size (20) for port 'rd_addr'. The port definition is at: ../Fused-Block-CNN/dut/BRAM/BRAM_General.v(10).
#    Time: 0 ns  Iteration: 0  Instance: /Top_Global_Fused_tb/dut/BRAM_Weight_15_layer_1 File: ../Fused-Block-CNN/dut/module_top/New_Top_global_Fused_hex.sv Line: 472
# ** Warning: (vsim-3015) [PCDPC] - Port size (9) does not match connection size (32) for port 'wr_addr'. The port definition is at: ../Fused-Block-CNN/dut/BRAM/BRAM_General.v(9).
#    Time: 0 ns  Iteration: 0  Instance: /Top_Global_Fused_tb/dut/BRAM_Weight_0_layer_2 File: ../Fused-Block-CNN/dut/module_top/New_Top_global_Fused_hex.sv Line: 486
# ** Warning: (vsim-3015) [PCDPC] - Port size (13) does not match connection size (32) for port 'rd_addr'. The port definition is at: ../Fused-Block-CNN/dut/BRAM/BRAM_General.v(10).
#    Time: 0 ns  Iteration: 0  Instance: /Top_Global_Fused_tb/dut/BRAM_Weight_0_layer_2 File: ../Fused-Block-CNN/dut/module_top/New_Top_global_Fused_hex.sv Line: 486
# ** Warning: (vsim-3015) [PCDPC] - Port size (9) does not match connection size (32) for port 'wr_addr'. The port definition is at: ../Fused-Block-CNN/dut/BRAM/BRAM_General.v(9).
#    Time: 0 ns  Iteration: 0  Instance: /Top_Global_Fused_tb/dut/BRAM_Weight_1_layer_2 File: ../Fused-Block-CNN/dut/module_top/New_Top_global_Fused_hex.sv Line: 500
# ** Warning: (vsim-3015) [PCDPC] - Port size (13) does not match connection size (32) for port 'rd_addr'. The port definition is at: ../Fused-Block-CNN/dut/BRAM/BRAM_General.v(10).
#    Time: 0 ns  Iteration: 0  Instance: /Top_Global_Fused_tb/dut/BRAM_Weight_1_layer_2 File: ../Fused-Block-CNN/dut/module_top/New_Top_global_Fused_hex.sv Line: 500
# ** Warning: (vsim-3015) [PCDPC] - Port size (9) does not match connection size (32) for port 'wr_addr'. The port definition is at: ../Fused-Block-CNN/dut/BRAM/BRAM_General.v(9).
#    Time: 0 ns  Iteration: 0  Instance: /Top_Global_Fused_tb/dut/BRAM_Weight_2_layer_2 File: ../Fused-Block-CNN/dut/module_top/New_Top_global_Fused_hex.sv Line: 514
# ** Warning: (vsim-3015) [PCDPC] - Port size (13) does not match connection size (32) for port 'rd_addr'. The port definition is at: ../Fused-Block-CNN/dut/BRAM/BRAM_General.v(10).
#    Time: 0 ns  Iteration: 0  Instance: /Top_Global_Fused_tb/dut/BRAM_Weight_2_layer_2 File: ../Fused-Block-CNN/dut/module_top/New_Top_global_Fused_hex.sv Line: 514
# ** Warning: (vsim-3015) [PCDPC] - Port size (9) does not match connection size (32) for port 'wr_addr'. The port definition is at: ../Fused-Block-CNN/dut/BRAM/BRAM_General.v(9).
#    Time: 0 ns  Iteration: 0  Instance: /Top_Global_Fused_tb/dut/BRAM_Weight_3_layer_2 File: ../Fused-Block-CNN/dut/module_top/New_Top_global_Fused_hex.sv Line: 528
# ** Warning: (vsim-3015) [PCDPC] - Port size (13) does not match connection size (32) for port 'rd_addr'. The port definition is at: ../Fused-Block-CNN/dut/BRAM/BRAM_General.v(10).
#    Time: 0 ns  Iteration: 0  Instance: /Top_Global_Fused_tb/dut/BRAM_Weight_3_layer_2 File: ../Fused-Block-CNN/dut/module_top/New_Top_global_Fused_hex.sv Line: 528
# ** Warning: (vsim-3015) [PCDPC] - Port size (32) does not match connection size (20) for port 'req_addr_out_filter'. The port definition is at: ../Fused-Block-CNN/dut/Add_gen/addr_gen_fused.v(20).
#    Time: 0 ns  Iteration: 0  Instance: /Top_Global_Fused_tb/dut/addr_gen File: ../Fused-Block-CNN/dut/module_top/New_Top_global_Fused_hex.sv Line: 589
# ** Warning: (vsim-3015) [PCDPC] - Port size (11) does not match connection size (16) for port 'weight_c'. The port definition is at: ../Fused-Block-CNN/dut/Controller/CONV_1x1_controller_v1.sv(5).
#    Time: 0 ns  Iteration: 0  Instance: /Top_Global_Fused_tb/dut/CONV_1x1_controller_inst File: ../Fused-Block-CNN/dut/module_top/New_Top_global_Fused_hex.sv Line: 611
# ** Warning: (vsim-3015) [PCDPC] - Port size (11) does not match connection size (16) for port 'num_filter'. The port definition is at: ../Fused-Block-CNN/dut/Controller/CONV_1x1_controller_v1.sv(6).
#    Time: 0 ns  Iteration: 0  Instance: /Top_Global_Fused_tb/dut/CONV_1x1_controller_inst File: ../Fused-Block-CNN/dut/module_top/New_Top_global_Fused_hex.sv Line: 611
# ** Warning: (vsim-3015) [PCDPC] - Port size (32) does not match connection size (128) for port 'addr_ifm'. The port definition is at: ../Fused-Block-CNN/dut/Controller/CONV_1x1_controller_v1.sv(8).
#    Time: 0 ns  Iteration: 0  Instance: /Top_Global_Fused_tb/dut/CONV_1x1_controller_inst File: ../Fused-Block-CNN/dut/module_top/New_Top_global_Fused_hex.sv Line: 611
# ** Warning: (vsim-3015) [PCDPC] - Port size (16) does not match connection size (1) for port 'PE_finish'. The port definition is at: ../Fused-Block-CNN/dut/PE_cluster/Hex_PE_double_DSP_Cluster.sv(24).
#    Time: 0 ns  Iteration: 0  Instance: /Top_Global_Fused_tb/dut/PE_cluster_layer1 File: ../Fused-Block-CNN/dut/module_top/New_Top_global_Fused_hex.sv Line: 640
# ** Warning: (vsim-3015) [PCDPC] - Port size (9) does not match connection size (32) for port 'wr_addr'. The port definition is at: ../Fused-Block-CNN/dut/BRAM/BRAM_General.v(9).
#    Time: 0 ns  Iteration: 0  Instance: /Top_Global_Fused_tb/dut/BRAM_IFM_layer2 File: ../Fused-Block-CNN/dut/module_top/New_Top_global_Fused_hex.sv Line: 767
# ** Warning: (vsim-3015) [PCDPC] - Port size (13) does not match connection size (128) for port 'rd_addr'. The port definition is at: ../Fused-Block-CNN/dut/BRAM/BRAM_General.v(10).
#    Time: 0 ns  Iteration: 0  Instance: /Top_Global_Fused_tb/dut/BRAM_IFM_layer2 File: ../Fused-Block-CNN/dut/module_top/New_Top_global_Fused_hex.sv Line: 767
# ** Warning: (vsim-3015) [PCDPC] - Port size (1) does not match connection size (4) for port 'valid'. The port definition is at: ../Fused-Block-CNN/dut/BRAM/Register_for_fused.sv(6).
#    Time: 0 ns  Iteration: 0  Instance: /Top_Global_Fused_tb/dut/reg_for_write_in_global File: ../Fused-Block-CNN/dut/module_top/New_Top_global_Fused_hex.sv Line: 775
# ** Warning: (vsim-3015) [PCDPC] - Port size (11) does not match connection size (16) for port 'OFM_C'. The port definition is at: ../Fused-Block-CNN/dut/Controller/control_padding_fused.sv(10).
#    Time: 0 ns  Iteration: 0  Instance: /Top_Global_Fused_tb/dut/control_padding_for_write File: ../Fused-Block-CNN/dut/module_top/New_Top_global_Fused_hex.sv Line: 783
# ** Warning: (vsim-3015) [PCDPC] - Port size (11) does not match connection size (16) for port 'OFM_W'. The port definition is at: ../Fused-Block-CNN/dut/Controller/control_padding_fused.sv(11).
#    Time: 0 ns  Iteration: 0  Instance: /Top_Global_Fused_tb/dut/control_padding_for_write File: ../Fused-Block-CNN/dut/module_top/New_Top_global_Fused_hex.sv Line: 783
# ** Warning: (vsim-3015) [PCDPC] - Port size (1) does not match connection size (32) for port 'padding'. The port definition is at: ../Fused-Block-CNN/dut/Controller/control_padding_fused.sv(12).
#    Time: 0 ns  Iteration: 0  Instance: /Top_Global_Fused_tb/dut/control_padding_for_write File: ../Fused-Block-CNN/dut/module_top/New_Top_global_Fused_hex.sv Line: 783
# ** Warning: (vsim-3839) Variable '/Top_Global_Fused_tb/dut/wr_addr_global_ctl', driven via a port connection, is multiply driven. See ../Fused-Block-CNN/dut/module_top/New_Top_global_Fused_hex.sv(207).
#    Time: 0 ns  Iteration: 0  Instance: /Top_Global_Fused_tb/dut/control_padding_for_write File: ../Fused-Block-CNN/dut/module_top/New_Top_global_Fused_hex.sv Line: 783
# coverage save -onexit -assert -code bcefs -directive -cvg uart_receive_test.ucdb
#  add wave -r /Top_Global_Fused_tb/*
#  run -all
# ** Warning: (vsim-8315) No condition is true in the unique/priority if/case statement.
#    Time: 0 ns  Iteration: 0  Process: /Top_Global_Fused_tb/dut/CONV_1x1_controller_inst/#ALWAYS#51 File: ../Fused-Block-CNN/dut/Controller/CONV_1x1_controller_v1.sv Line: 52
# ** Warning: (vsim-8315) No condition is true in the unique/priority if/case statement.
#    Time: 0 ns  Iteration: 0  Process: /Top_Global_Fused_tb/dut/Global_control_unit/#ALWAYS#72 File: ../Fused-Block-CNN/dut/module_top/Global_top_fused_control_unit.sv Line: 73
# ** Warning: (vsim-8315) No condition is true in the unique/priority if/case statement.
#    Time: 0 ns  Iteration: 1  Process: /Top_Global_Fused_tb/dut/CONV_1x1_controller_inst/#ALWAYS#51 File: ../Fused-Block-CNN/dut/Controller/CONV_1x1_controller_v1.sv Line: 52
# ** Warning: (vsim-8315) No condition is true in the unique/priority if/case statement.
#    Time: 0 ns  Iteration: 1  Process: /Top_Global_Fused_tb/dut/Global_control_unit/#ALWAYS#72 File: ../Fused-Block-CNN/dut/module_top/Global_top_fused_control_unit.sv Line: 73
# START FUSED BLOCK 1
# DONE FUSED BLOCK 1
# START FUSED BLOCK 2
# DONE FUSED BLOCK 2
# START FUSED BLOCK 3
# DONE FUSED BLOCK 3
# START FUSED BLOCK 4
# DONE FUSED BLOCK 4
# ** Note: $finish    : ../Fused-Block-CNN/dut_tb/top_module_test/Top_Global_Fused_tb.sv(419)
#    Time: 9773305 ns  Iteration: 1  Instance: /Top_Global_Fused_tb
# Saving coverage database on exit...
# End time: 18:29:17 on Jun 17,2025, Elapsed time: 0:12:06
# Errors: 0, Warnings: 75
